Jul. 26, 2023 6:25:42 PM projectsearcher.App main
INFO: Using the current directory
Jul. 26, 2023 6:25:42 PM projectsearcher.Initiialise directorySearch
INFO: Beginning recursion
Jul. 26, 2023 6:25:42 PM projectsearcher.Initiialise directorySearchRec
INFO: Current: .
Jul. 26, 2023 6:25:42 PM projectsearcher.Initiialise directorySearchRec
INFO: Current child: criteria.txt
Jul. 26, 2023 6:25:42 PM projectsearcher.Initiialise directorySearchRec
INFO: Current: criteria.txt
Jul. 26, 2023 6:25:42 PM projectsearcher.Initiialise directorySearchRec
INFO: Current child: logging.properties
Jul. 26, 2023 6:25:42 PM projectsearcher.Initiialise directorySearchRec
INFO: Current: logging.properties
Jul. 26, 2023 6:25:42 PM projectsearcher.Initiialise directorySearchRec
INFO: Current child: .DS_Store
Jul. 26, 2023 6:25:42 PM projectsearcher.Initiialise directorySearchRec
INFO: Current: .DS_Store
Jul. 26, 2023 6:25:42 PM projectsearcher.Initiialise directorySearchRec
INFO: Current child: .dist
Jul. 26, 2023 6:25:42 PM projectsearcher.Initiialise directorySearchRec
INFO: Current: .dist
Jul. 26, 2023 6:25:42 PM projectsearcher.Initiialise directorySearchRec
INFO: Current child: gradle
Jul. 26, 2023 6:25:42 PM projectsearcher.Initiialise directorySearchRec
INFO: Current: gradle
Jul. 26, 2023 6:25:42 PM projectsearcher.Initiialise directorySearchRec
INFO: Current child: wrapper
Jul. 26, 2023 6:25:42 PM projectsearcher.Initiialise directorySearchRec
INFO: Current: wrapper
Jul. 26, 2023 6:25:42 PM projectsearcher.Initiialise directorySearchRec
INFO: Current child: gradle-wrapper.jar
Jul. 26, 2023 6:25:42 PM projectsearcher.Initiialise directorySearchRec
INFO: Current: gradle-wrapper.jar
Jul. 26, 2023 6:25:42 PM projectsearcher.Initiialise directorySearchRec
INFO: Current child: gradle-wrapper.properties
Jul. 26, 2023 6:25:42 PM projectsearcher.Initiialise directorySearchRec
INFO: Current: gradle-wrapper.properties
Jul. 26, 2023 6:25:42 PM projectsearcher.Initiialise directorySearchRec
INFO: Current child: gradlew
Jul. 26, 2023 6:25:42 PM projectsearcher.Initiialise directorySearchRec
INFO: Current: gradlew
Jul. 26, 2023 6:25:42 PM projectsearcher.Initiialise directorySearchRec
INFO: Current child: logs
Jul. 26, 2023 6:25:42 PM projectsearcher.Initiialise directorySearchRec
INFO: Current: logs
Jul. 26, 2023 6:25:42 PM projectsearcher.Initiialise directorySearchRec
INFO: Current child: matheval0.log.lck
Jul. 26, 2023 6:25:42 PM projectsearcher.Initiialise directorySearchRec
INFO: Current: matheval0.log.lck
Jul. 26, 2023 6:25:42 PM projectsearcher.Initiialise directorySearchRec
INFO: Current child: matheval0.log
Jul. 26, 2023 6:25:42 PM projectsearcher.Initiialise directorySearchRec
INFO: Current: matheval0.log
Jul. 26, 2023 6:25:42 PM projectsearcher.Initiialise directorySearchRec
INFO: Current child: oose-pmd-rules.xml
Jul. 26, 2023 6:25:42 PM projectsearcher.Initiialise directorySearchRec
INFO: Current: oose-pmd-rules.xml
Jul. 26, 2023 6:25:42 PM projectsearcher.Initiialise directorySearchRec
INFO: Current child: build.gradle
Jul. 26, 2023 6:25:42 PM projectsearcher.Initiialise directorySearchRec
INFO: Current: build.gradle
Jul. 26, 2023 6:25:42 PM projectsearcher.Initiialise directorySearchRec
INFO: Current child: .gradle
Jul. 26, 2023 6:25:42 PM projectsearcher.Initiialise directorySearchRec
INFO: Current: .gradle
Jul. 26, 2023 6:25:42 PM projectsearcher.Initiialise directorySearchRec
INFO: Current child: file-system.probe
Jul. 26, 2023 6:25:42 PM projectsearcher.Initiialise directorySearchRec
INFO: Current: file-system.probe
Jul. 26, 2023 6:25:42 PM projectsearcher.Initiialise directorySearchRec
INFO: Current child: vcs-1
Jul. 26, 2023 6:25:42 PM projectsearcher.Initiialise directorySearchRec
INFO: Current: vcs-1
Jul. 26, 2023 6:25:42 PM projectsearcher.Initiialise directorySearchRec
INFO: Current child: gc.properties
Jul. 26, 2023 6:25:42 PM projectsearcher.Initiialise directorySearchRec
INFO: Current: gc.properties
Jul. 26, 2023 6:25:42 PM projectsearcher.Initiialise directorySearchRec
INFO: Current child: 7.4.1
Jul. 26, 2023 6:25:42 PM projectsearcher.Initiialise directorySearchRec
INFO: Current: 7.4.1
Jul. 26, 2023 6:25:42 PM projectsearcher.Initiialise directorySearchRec
INFO: Current child: executionHistory
Jul. 26, 2023 6:25:42 PM projectsearcher.Initiialise directorySearchRec
INFO: Current: executionHistory
Jul. 26, 2023 6:25:42 PM projectsearcher.Initiialise directorySearchRec
INFO: Current child: executionHistory.lock
Jul. 26, 2023 6:25:42 PM projectsearcher.Initiialise directorySearchRec
INFO: Current: executionHistory.lock
Jul. 26, 2023 6:25:42 PM projectsearcher.Initiialise directorySearchRec
INFO: Current child: executionHistory.bin
Jul. 26, 2023 6:25:42 PM projectsearcher.Initiialise directorySearchRec
INFO: Current: executionHistory.bin
Jul. 26, 2023 6:25:42 PM projectsearcher.Initiialise directorySearchRec
INFO: Current child: gc.properties
Jul. 26, 2023 6:25:42 PM projectsearcher.Initiialise directorySearchRec
INFO: Current: gc.properties
Jul. 26, 2023 6:25:42 PM projectsearcher.Initiialise directorySearchRec
INFO: Current child: fileChanges
Jul. 26, 2023 6:25:42 PM projectsearcher.Initiialise directorySearchRec
INFO: Current: fileChanges
Jul. 26, 2023 6:25:42 PM projectsearcher.Initiialise directorySearchRec
INFO: Current child: last-build.bin
Jul. 26, 2023 6:25:42 PM projectsearcher.Initiialise directorySearchRec
INFO: Current: last-build.bin
Jul. 26, 2023 6:25:42 PM projectsearcher.Initiialise directorySearchRec
INFO: Current child: dependencies-accessors
Jul. 26, 2023 6:25:42 PM projectsearcher.Initiialise directorySearchRec
INFO: Current: dependencies-accessors
Jul. 26, 2023 6:25:42 PM projectsearcher.Initiialise directorySearchRec
INFO: Current child: gc.properties
Jul. 26, 2023 6:25:42 PM projectsearcher.Initiialise directorySearchRec
INFO: Current: gc.properties
Jul. 26, 2023 6:25:42 PM projectsearcher.Initiialise directorySearchRec
INFO: Current child: dependencies-accessors.lock
Jul. 26, 2023 6:25:42 PM projectsearcher.Initiialise directorySearchRec
INFO: Current: dependencies-accessors.lock
Jul. 26, 2023 6:25:42 PM projectsearcher.Initiialise directorySearchRec
INFO: Current child: checksums
Jul. 26, 2023 6:25:42 PM projectsearcher.Initiialise directorySearchRec
INFO: Current: checksums
Jul. 26, 2023 6:25:42 PM projectsearcher.Initiialise directorySearchRec
INFO: Current child: checksums.lock
Jul. 26, 2023 6:25:42 PM projectsearcher.Initiialise directorySearchRec
INFO: Current: checksums.lock
Jul. 26, 2023 6:25:42 PM projectsearcher.Initiialise directorySearchRec
INFO: Current child: md5-checksums.bin
Jul. 26, 2023 6:25:42 PM projectsearcher.Initiialise directorySearchRec
INFO: Current: md5-checksums.bin
Jul. 26, 2023 6:25:42 PM projectsearcher.Initiialise directorySearchRec
INFO: Current child: sha1-checksums.bin
Jul. 26, 2023 6:25:42 PM projectsearcher.Initiialise directorySearchRec
INFO: Current: sha1-checksums.bin
Jul. 26, 2023 6:25:42 PM projectsearcher.Initiialise directorySearchRec
INFO: Current child: vcsMetadata
Jul. 26, 2023 6:25:42 PM projectsearcher.Initiialise directorySearchRec
INFO: Current: vcsMetadata
Jul. 26, 2023 6:25:42 PM projectsearcher.Initiialise directorySearchRec
INFO: Current child: fileHashes
Jul. 26, 2023 6:25:42 PM projectsearcher.Initiialise directorySearchRec
INFO: Current: fileHashes
Jul. 26, 2023 6:25:42 PM projectsearcher.Initiialise directorySearchRec
INFO: Current child: fileHashes.lock
Jul. 26, 2023 6:25:42 PM projectsearcher.Initiialise directorySearchRec
INFO: Current: fileHashes.lock
Jul. 26, 2023 6:25:42 PM projectsearcher.Initiialise directorySearchRec
INFO: Current child: fileHashes.bin
Jul. 26, 2023 6:25:42 PM projectsearcher.Initiialise directorySearchRec
INFO: Current: fileHashes.bin
Jul. 26, 2023 6:25:42 PM projectsearcher.Initiialise directorySearchRec
INFO: Current child: resourceHashesCache.bin
Jul. 26, 2023 6:25:42 PM projectsearcher.Initiialise directorySearchRec
INFO: Current: resourceHashesCache.bin
Jul. 26, 2023 6:25:42 PM projectsearcher.Initiialise directorySearchRec
INFO: Current child: buildOutputCleanup
Jul. 26, 2023 6:25:42 PM projectsearcher.Initiialise directorySearchRec
INFO: Current: buildOutputCleanup
Jul. 26, 2023 6:25:42 PM projectsearcher.Initiialise directorySearchRec
INFO: Current child: cache.properties
Jul. 26, 2023 6:25:42 PM projectsearcher.Initiialise directorySearchRec
INFO: Current: cache.properties
Jul. 26, 2023 6:25:42 PM projectsearcher.Initiialise directorySearchRec
INFO: Current child: outputFiles.bin
Jul. 26, 2023 6:25:42 PM projectsearcher.Initiialise directorySearchRec
INFO: Current: outputFiles.bin
Jul. 26, 2023 6:25:42 PM projectsearcher.Initiialise directorySearchRec
INFO: Current child: buildOutputCleanup.lock
Jul. 26, 2023 6:25:42 PM projectsearcher.Initiialise directorySearchRec
INFO: Current: buildOutputCleanup.lock
Jul. 26, 2023 6:25:42 PM projectsearcher.Initiialise directorySearchRec
INFO: Current child: README.txt
Jul. 26, 2023 6:25:42 PM projectsearcher.Initiialise directorySearchRec
INFO: Current: README.txt
Jul. 26, 2023 6:25:42 PM projectsearcher.Initiialise directorySearchRec
INFO: Current child: gradle.properties
Jul. 26, 2023 6:25:42 PM projectsearcher.Initiialise directorySearchRec
INFO: Current: gradle.properties
Jul. 26, 2023 6:25:42 PM projectsearcher.Initiialise directorySearchRec
INFO: Current child: build
Jul. 26, 2023 6:25:42 PM projectsearcher.Initiialise directorySearchRec
INFO: Current: build
Jul. 26, 2023 6:25:42 PM projectsearcher.Initiialise directorySearchRec
INFO: Current child: generated
Jul. 26, 2023 6:25:42 PM projectsearcher.Initiialise directorySearchRec
INFO: Current: generated
Jul. 26, 2023 6:25:42 PM projectsearcher.Initiialise directorySearchRec
INFO: Current child: sources
Jul. 26, 2023 6:25:42 PM projectsearcher.Initiialise directorySearchRec
INFO: Current: sources
Jul. 26, 2023 6:25:42 PM projectsearcher.Initiialise directorySearchRec
INFO: Current child: headers
Jul. 26, 2023 6:25:42 PM projectsearcher.Initiialise directorySearchRec
INFO: Current: headers
Jul. 26, 2023 6:25:42 PM projectsearcher.Initiialise directorySearchRec
INFO: Current child: java
Jul. 26, 2023 6:25:42 PM projectsearcher.Initiialise directorySearchRec
INFO: Current: java
Jul. 26, 2023 6:25:42 PM projectsearcher.Initiialise directorySearchRec
INFO: Current child: main
Jul. 26, 2023 6:25:42 PM projectsearcher.Initiialise directorySearchRec
INFO: Current: main
Jul. 26, 2023 6:25:42 PM projectsearcher.Initiialise directorySearchRec
INFO: Current child: annotationProcessor
Jul. 26, 2023 6:25:42 PM projectsearcher.Initiialise directorySearchRec
INFO: Current: annotationProcessor
Jul. 26, 2023 6:25:42 PM projectsearcher.Initiialise directorySearchRec
INFO: Current child: java
Jul. 26, 2023 6:25:42 PM projectsearcher.Initiialise directorySearchRec
INFO: Current: java
Jul. 26, 2023 6:25:42 PM projectsearcher.Initiialise directorySearchRec
INFO: Current child: main
Jul. 26, 2023 6:25:42 PM projectsearcher.Initiialise directorySearchRec
INFO: Current: main
Jul. 26, 2023 6:25:42 PM projectsearcher.Initiialise directorySearchRec
INFO: Current child: classes
Jul. 26, 2023 6:25:42 PM projectsearcher.Initiialise directorySearchRec
INFO: Current: classes
Jul. 26, 2023 6:25:42 PM projectsearcher.Initiialise directorySearchRec
INFO: Current child: java
Jul. 26, 2023 6:25:42 PM projectsearcher.Initiialise directorySearchRec
INFO: Current: java
Jul. 26, 2023 6:25:42 PM projectsearcher.Initiialise directorySearchRec
INFO: Current child: main
Jul. 26, 2023 6:25:42 PM projectsearcher.Initiialise directorySearchRec
INFO: Current: main
Jul. 26, 2023 6:25:42 PM projectsearcher.Initiialise directorySearchRec
INFO: Current child: projectsearcher
Jul. 26, 2023 6:25:42 PM projectsearcher.Initiialise directorySearchRec
INFO: Current: projectsearcher
Jul. 26, 2023 6:25:42 PM projectsearcher.Initiialise directorySearchRec
INFO: Current child: Initiialise.class
Jul. 26, 2023 6:25:42 PM projectsearcher.Initiialise directorySearchRec
INFO: Current: Initiialise.class
Jul. 26, 2023 6:25:42 PM projectsearcher.Initiialise directorySearchRec
INFO: Current child: IncludeText.class
Jul. 26, 2023 6:25:42 PM projectsearcher.Initiialise directorySearchRec
INFO: Current: IncludeText.class
Jul. 26, 2023 6:25:42 PM projectsearcher.Initiialise directorySearchRec
INFO: Current child: ExcludeText.class
Jul. 26, 2023 6:25:42 PM projectsearcher.Initiialise directorySearchRec
INFO: Current: ExcludeText.class
Jul. 26, 2023 6:25:42 PM projectsearcher.Initiialise directorySearchRec
INFO: Current child: Directory.class
Jul. 26, 2023 6:25:42 PM projectsearcher.Initiialise directorySearchRec
INFO: Current: Directory.class
Jul. 26, 2023 6:25:42 PM projectsearcher.Initiialise directorySearchRec
INFO: Current child: Validate.class
Jul. 26, 2023 6:25:42 PM projectsearcher.Initiialise directorySearchRec
INFO: Current: Validate.class
Jul. 26, 2023 6:25:42 PM projectsearcher.Initiialise directorySearchRec
INFO: Current child: FileEntry.class
Jul. 26, 2023 6:25:42 PM projectsearcher.Initiialise directorySearchRec
INFO: Current: FileEntry.class
Jul. 26, 2023 6:25:42 PM projectsearcher.Initiialise directorySearchRec
INFO: Current child: Entry.class
Jul. 26, 2023 6:25:42 PM projectsearcher.Initiialise directorySearchRec
INFO: Current: Entry.class
Jul. 26, 2023 6:25:42 PM projectsearcher.Initiialise directorySearchRec
INFO: Current child: ExcludeRegex.class
Jul. 26, 2023 6:25:42 PM projectsearcher.Initiialise directorySearchRec
INFO: Current: ExcludeRegex.class
Jul. 26, 2023 6:25:42 PM projectsearcher.Initiialise directorySearchRec
INFO: Current child: Interactive.class
Jul. 26, 2023 6:25:42 PM projectsearcher.Initiialise directorySearchRec
INFO: Current: Interactive.class
Jul. 26, 2023 6:25:42 PM projectsearcher.Initiialise directorySearchRec
INFO: Current child: Regex.class
Jul. 26, 2023 6:25:42 PM projectsearcher.Initiialise directorySearchRec
INFO: Current: Regex.class
Jul. 26, 2023 6:25:42 PM projectsearcher.Initiialise directorySearchRec
INFO: Current child: Criteria.class
Jul. 26, 2023 6:25:42 PM projectsearcher.Initiialise directorySearchRec
INFO: Current: Criteria.class
Jul. 26, 2023 6:25:42 PM projectsearcher.Initiialise directorySearchRec
INFO: Current child: App.class
Jul. 26, 2023 6:25:42 PM projectsearcher.Initiialise directorySearchRec
INFO: Current: App.class
Jul. 26, 2023 6:25:42 PM projectsearcher.Initiialise directorySearchRec
INFO: Current child: IncludeRegex.class
Jul. 26, 2023 6:25:42 PM projectsearcher.Initiialise directorySearchRec
INFO: Current: IncludeRegex.class
Jul. 26, 2023 6:25:42 PM projectsearcher.Initiialise directorySearchRec
INFO: Current child: Text.class
Jul. 26, 2023 6:25:42 PM projectsearcher.Initiialise directorySearchRec
INFO: Current: Text.class
Jul. 26, 2023 6:25:42 PM projectsearcher.Initiialise directorySearchRec
INFO: Current child: tmp
Jul. 26, 2023 6:25:42 PM projectsearcher.Initiialise directorySearchRec
INFO: Current: tmp
Jul. 26, 2023 6:25:42 PM projectsearcher.Initiialise directorySearchRec
INFO: Current child: pmdTest
Jul. 26, 2023 6:25:42 PM projectsearcher.Initiialise directorySearchRec
INFO: Current: pmdTest
Jul. 26, 2023 6:25:42 PM projectsearcher.Initiialise directorySearchRec
INFO: Current child: compileJava
Jul. 26, 2023 6:25:42 PM projectsearcher.Initiialise directorySearchRec
INFO: Current: compileJava
Jul. 26, 2023 6:25:42 PM projectsearcher.Initiialise directorySearchRec
INFO: Current child: previous-compilation-data.bin
Jul. 26, 2023 6:25:42 PM projectsearcher.Initiialise directorySearchRec
INFO: Current: previous-compilation-data.bin
Jul. 26, 2023 6:25:42 PM projectsearcher.Initiialise directorySearchRec
INFO: Current child: pmdMain
Jul. 26, 2023 6:25:42 PM projectsearcher.Initiialise directorySearchRec
INFO: Current: pmdMain
Jul. 26, 2023 6:25:42 PM projectsearcher.Initiialise directorySearchRec
INFO: Current child: incremental.cache
Jul. 26, 2023 6:25:42 PM projectsearcher.Initiialise directorySearchRec
INFO: Current: incremental.cache
Jul. 26, 2023 6:25:42 PM projectsearcher.Initiialise directorySearchRec
INFO: Current child: reports
Jul. 26, 2023 6:25:42 PM projectsearcher.Initiialise directorySearchRec
INFO: Current: reports
Jul. 26, 2023 6:25:42 PM projectsearcher.Initiialise directorySearchRec
INFO: Current child: pmd
Jul. 26, 2023 6:25:42 PM projectsearcher.Initiialise directorySearchRec
INFO: Current: pmd
Jul. 26, 2023 6:25:42 PM projectsearcher.Initiialise directorySearchRec
INFO: Current child: main.xml
Jul. 26, 2023 6:25:42 PM projectsearcher.Initiialise directorySearchRec
INFO: Current: main.xml
Jul. 26, 2023 6:25:42 PM projectsearcher.Initiialise directorySearchRec
INFO: Current child: main.html
Jul. 26, 2023 6:25:42 PM projectsearcher.Initiialise directorySearchRec
INFO: Current: main.html
Jul. 26, 2023 6:25:42 PM projectsearcher.Initiialise directorySearchRec
INFO: Current child: OOSE_Assignment_UML.png
Jul. 26, 2023 6:25:42 PM projectsearcher.Initiialise directorySearchRec
INFO: Current: OOSE_Assignment_UML.png
Jul. 26, 2023 6:25:42 PM projectsearcher.Initiialise directorySearchRec
INFO: Current child: gradlew.bat
Jul. 26, 2023 6:25:42 PM projectsearcher.Initiialise directorySearchRec
INFO: Current: gradlew.bat
Jul. 26, 2023 6:25:42 PM projectsearcher.Initiialise directorySearchRec
INFO: Current child: settings.gradle
Jul. 26, 2023 6:25:42 PM projectsearcher.Initiialise directorySearchRec
INFO: Current: settings.gradle
Jul. 26, 2023 6:25:42 PM projectsearcher.Initiialise directorySearchRec
INFO: Current child: src
Jul. 26, 2023 6:25:42 PM projectsearcher.Initiialise directorySearchRec
INFO: Current: src
Jul. 26, 2023 6:25:42 PM projectsearcher.Initiialise directorySearchRec
INFO: Current child: .DS_Store
Jul. 26, 2023 6:25:42 PM projectsearcher.Initiialise directorySearchRec
INFO: Current: .DS_Store
Jul. 26, 2023 6:25:42 PM projectsearcher.Initiialise directorySearchRec
INFO: Current child: main
Jul. 26, 2023 6:25:42 PM projectsearcher.Initiialise directorySearchRec
INFO: Current: main
Jul. 26, 2023 6:25:42 PM projectsearcher.Initiialise directorySearchRec
INFO: Current child: .DS_Store
Jul. 26, 2023 6:25:42 PM projectsearcher.Initiialise directorySearchRec
INFO: Current: .DS_Store
Jul. 26, 2023 6:25:42 PM projectsearcher.Initiialise directorySearchRec
INFO: Current child: java
Jul. 26, 2023 6:25:42 PM projectsearcher.Initiialise directorySearchRec
INFO: Current: java
Jul. 26, 2023 6:25:42 PM projectsearcher.Initiialise directorySearchRec
INFO: Current child: projectsearcher
Jul. 26, 2023 6:25:42 PM projectsearcher.Initiialise directorySearchRec
INFO: Current: projectsearcher
Jul. 26, 2023 6:25:42 PM projectsearcher.Initiialise directorySearchRec
INFO: Current child: IncludeText.java
Jul. 26, 2023 6:25:42 PM projectsearcher.Initiialise directorySearchRec
INFO: Current: IncludeText.java
Jul. 26, 2023 6:25:42 PM projectsearcher.Initiialise directorySearchRec
INFO: Current child: Interactive.java
Jul. 26, 2023 6:25:42 PM projectsearcher.Initiialise directorySearchRec
INFO: Current: Interactive.java
Jul. 26, 2023 6:25:42 PM projectsearcher.Initiialise directorySearchRec
INFO: Current child: Regex.java
Jul. 26, 2023 6:25:42 PM projectsearcher.Initiialise directorySearchRec
INFO: Current: Regex.java
Jul. 26, 2023 6:25:42 PM projectsearcher.Initiialise directorySearchRec
INFO: Current child: Text.java
Jul. 26, 2023 6:25:42 PM projectsearcher.Initiialise directorySearchRec
INFO: Current: Text.java
Jul. 26, 2023 6:25:42 PM projectsearcher.Initiialise directorySearchRec
INFO: Current child: Directory.java
Jul. 26, 2023 6:25:42 PM projectsearcher.Initiialise directorySearchRec
INFO: Current: Directory.java
Jul. 26, 2023 6:25:42 PM projectsearcher.Initiialise directorySearchRec
INFO: Current child: ExcludeText.java
Jul. 26, 2023 6:25:42 PM projectsearcher.Initiialise directorySearchRec
INFO: Current: ExcludeText.java
Jul. 26, 2023 6:25:42 PM projectsearcher.Initiialise directorySearchRec
INFO: Current child: Validate.java
Jul. 26, 2023 6:25:42 PM projectsearcher.Initiialise directorySearchRec
INFO: Current: Validate.java
Jul. 26, 2023 6:25:42 PM projectsearcher.Initiialise directorySearchRec
INFO: Current child: Initiialise.java
Jul. 26, 2023 6:25:42 PM projectsearcher.Initiialise directorySearchRec
INFO: Current: Initiialise.java
Jul. 26, 2023 6:25:42 PM projectsearcher.Initiialise directorySearchRec
INFO: Current child: FileEntry.java
Jul. 26, 2023 6:25:42 PM projectsearcher.Initiialise directorySearchRec
INFO: Current: FileEntry.java
Jul. 26, 2023 6:25:42 PM projectsearcher.Initiialise directorySearchRec
INFO: Current child: App.java
Jul. 26, 2023 6:25:42 PM projectsearcher.Initiialise directorySearchRec
INFO: Current: App.java
Jul. 26, 2023 6:25:42 PM projectsearcher.Initiialise directorySearchRec
INFO: Current child: ExcludeRegex.java
Jul. 26, 2023 6:25:42 PM projectsearcher.Initiialise directorySearchRec
INFO: Current: ExcludeRegex.java
Jul. 26, 2023 6:25:42 PM projectsearcher.Initiialise directorySearchRec
INFO: Current child: IncludeRegex.java
Jul. 26, 2023 6:25:42 PM projectsearcher.Initiialise directorySearchRec
INFO: Current: IncludeRegex.java
Jul. 26, 2023 6:25:42 PM projectsearcher.Initiialise directorySearchRec
INFO: Current child: Entry.java
Jul. 26, 2023 6:25:42 PM projectsearcher.Initiialise directorySearchRec
INFO: Current: Entry.java
Jul. 26, 2023 6:25:42 PM projectsearcher.Initiialise directorySearchRec
INFO: Current child: Criteria.java
Jul. 26, 2023 6:25:42 PM projectsearcher.Initiialise directorySearchRec
INFO: Current: Criteria.java
Jul. 26, 2023 6:25:42 PM projectsearcher.App main
INFO: Using directory: .
Jul. 26, 2023 6:25:42 PM projectsearcher.Interactive getIntegerInput
INFO: Aquiring user input
Jul. 26, 2023 6:25:50 PM projectsearcher.Interactive mainMenu
INFO: User chose Report
Jul. 26, 2023 6:25:50 PM projectsearcher.FileEntry applyCriteria
INFO: Reading file: criteria.txt
Jul. 26, 2023 6:25:50 PM projectsearcher.FileEntry applyCriteria
INFO: Reading file: logging.properties
Jul. 26, 2023 6:25:50 PM projectsearcher.FileEntry applyCriteria
INFO: Reading file: .DS_Store
Jul. 26, 2023 6:25:50 PM projectsearcher.FileEntry applyCriteria
INFO: Reading file: gradle-wrapper.jar
Jul. 26, 2023 6:25:50 PM projectsearcher.FileEntry applyCriteria
INFO: Reading file: gradle-wrapper.properties
Jul. 26, 2023 6:25:50 PM projectsearcher.FileEntry applyCriteria
INFO: Reading file: gradlew
Jul. 26, 2023 6:25:50 PM projectsearcher.FileEntry applyCriteria
INFO: Reading file: matheval0.log.lck
Jul. 26, 2023 6:25:50 PM projectsearcher.FileEntry applyCriteria
INFO: Reading file: matheval0.log
Jul. 26, 2023 6:25:50 PM projectsearcher.FileEntry applyCriteria
INFO: Reading file: oose-pmd-rules.xml
Jul. 26, 2023 6:25:50 PM projectsearcher.FileEntry applyCriteria
INFO: Reading file: build.gradle
Jul. 26, 2023 6:25:50 PM projectsearcher.FileEntry applyCriteria
INFO: Reading file: file-system.probe
Jul. 26, 2023 6:25:50 PM projectsearcher.FileEntry applyCriteria
INFO: Reading file: gc.properties
Jul. 26, 2023 6:25:50 PM projectsearcher.FileEntry applyCriteria
INFO: Reading file: executionHistory.lock
Jul. 26, 2023 6:25:50 PM projectsearcher.FileEntry applyCriteria
INFO: Reading file: executionHistory.bin
Jul. 26, 2023 6:25:50 PM projectsearcher.FileEntry applyCriteria
INFO: Reading file: gc.properties
Jul. 26, 2023 6:25:50 PM projectsearcher.FileEntry applyCriteria
INFO: Reading file: last-build.bin
Jul. 26, 2023 6:25:50 PM projectsearcher.FileEntry applyCriteria
INFO: Reading file: gc.properties
Jul. 26, 2023 6:25:50 PM projectsearcher.FileEntry applyCriteria
INFO: Reading file: dependencies-accessors.lock
Jul. 26, 2023 6:25:50 PM projectsearcher.FileEntry applyCriteria
INFO: Reading file: checksums.lock
Jul. 26, 2023 6:25:50 PM projectsearcher.FileEntry applyCriteria
INFO: Reading file: md5-checksums.bin
Jul. 26, 2023 6:25:50 PM projectsearcher.FileEntry applyCriteria
INFO: Reading file: sha1-checksums.bin
Jul. 26, 2023 6:25:50 PM projectsearcher.FileEntry applyCriteria
INFO: Reading file: fileHashes.lock
Jul. 26, 2023 6:25:50 PM projectsearcher.FileEntry applyCriteria
INFO: Reading file: fileHashes.bin
Jul. 26, 2023 6:25:50 PM projectsearcher.FileEntry applyCriteria
INFO: Reading file: resourceHashesCache.bin
Jul. 26, 2023 6:25:50 PM projectsearcher.FileEntry applyCriteria
INFO: Reading file: cache.properties
Jul. 26, 2023 6:25:50 PM projectsearcher.FileEntry applyCriteria
INFO: Reading file: outputFiles.bin
Jul. 26, 2023 6:25:50 PM projectsearcher.FileEntry applyCriteria
INFO: Reading file: buildOutputCleanup.lock
Jul. 26, 2023 6:25:50 PM projectsearcher.FileEntry applyCriteria
INFO: Reading file: README.txt
Jul. 26, 2023 6:25:50 PM projectsearcher.FileEntry applyCriteria
INFO: Reading file: gradle.properties
Jul. 26, 2023 6:25:50 PM projectsearcher.FileEntry applyCriteria
INFO: Reading file: Initiialise.class
Jul. 26, 2023 6:25:50 PM projectsearcher.FileEntry applyCriteria
INFO: Reading file: IncludeText.class
Jul. 26, 2023 6:25:50 PM projectsearcher.FileEntry applyCriteria
INFO: Reading file: ExcludeText.class
Jul. 26, 2023 6:25:50 PM projectsearcher.FileEntry applyCriteria
INFO: Reading file: Directory.class
Jul. 26, 2023 6:25:50 PM projectsearcher.FileEntry applyCriteria
INFO: Reading file: Validate.class
Jul. 26, 2023 6:25:50 PM projectsearcher.FileEntry applyCriteria
INFO: Reading file: FileEntry.class
Jul. 26, 2023 6:25:50 PM projectsearcher.FileEntry applyCriteria
INFO: Reading file: Entry.class
Jul. 26, 2023 6:25:50 PM projectsearcher.FileEntry applyCriteria
INFO: Reading file: ExcludeRegex.class
Jul. 26, 2023 6:25:50 PM projectsearcher.FileEntry applyCriteria
INFO: Reading file: Interactive.class
Jul. 26, 2023 6:25:50 PM projectsearcher.FileEntry applyCriteria
INFO: Reading file: Regex.class
Jul. 26, 2023 6:25:50 PM projectsearcher.FileEntry applyCriteria
INFO: Reading file: Criteria.class
Jul. 26, 2023 6:25:50 PM projectsearcher.FileEntry applyCriteria
INFO: Reading file: App.class
Jul. 26, 2023 6:25:50 PM projectsearcher.FileEntry applyCriteria
INFO: Reading file: IncludeRegex.class
Jul. 26, 2023 6:25:50 PM projectsearcher.FileEntry applyCriteria
INFO: Reading file: Text.class
Jul. 26, 2023 6:25:50 PM projectsearcher.FileEntry applyCriteria
INFO: Reading file: previous-compilation-data.bin
Jul. 26, 2023 6:25:50 PM projectsearcher.FileEntry applyCriteria
INFO: Reading file: incremental.cache
Jul. 26, 2023 6:25:50 PM projectsearcher.FileEntry applyCriteria
INFO: Reading file: main.xml
Jul. 26, 2023 6:25:50 PM projectsearcher.FileEntry applyCriteria
INFO: Reading file: main.html
Jul. 26, 2023 6:25:50 PM projectsearcher.FileEntry applyCriteria
INFO: Reading file: OOSE_Assignment_UML.png
Jul. 26, 2023 6:25:50 PM projectsearcher.FileEntry applyCriteria
INFO: Reading file: gradlew.bat
Jul. 26, 2023 6:25:50 PM projectsearcher.FileEntry applyCriteria
INFO: Reading file: settings.gradle
Jul. 26, 2023 6:25:50 PM projectsearcher.FileEntry applyCriteria
INFO: Reading file: .DS_Store
Jul. 26, 2023 6:25:50 PM projectsearcher.FileEntry applyCriteria
INFO: Reading file: .DS_Store
Jul. 26, 2023 6:25:50 PM projectsearcher.FileEntry applyCriteria
INFO: Reading file: IncludeText.java
Jul. 26, 2023 6:25:50 PM projectsearcher.FileEntry applyCriteria
INFO: Reading file: Interactive.java
Jul. 26, 2023 6:25:50 PM projectsearcher.FileEntry applyCriteria
INFO: Reading file: Regex.java
Jul. 26, 2023 6:25:50 PM projectsearcher.FileEntry applyCriteria
INFO: Reading file: Text.java
Jul. 26, 2023 6:25:50 PM projectsearcher.FileEntry applyCriteria
INFO: Reading file: Directory.java
Jul. 26, 2023 6:25:50 PM projectsearcher.FileEntry applyCriteria
INFO: Reading file: ExcludeText.java
Jul. 26, 2023 6:25:50 PM projectsearcher.FileEntry applyCriteria
INFO: Reading file: Validate.java
Jul. 26, 2023 6:25:50 PM projectsearcher.FileEntry applyCriteria
INFO: Reading file: Initiialise.java
Jul. 26, 2023 6:25:50 PM projectsearcher.FileEntry applyCriteria
INFO: Reading file: FileEntry.java
Jul. 26, 2023 6:25:50 PM projectsearcher.FileEntry applyCriteria
INFO: Reading file: App.java
Jul. 26, 2023 6:25:50 PM projectsearcher.FileEntry applyCriteria
INFO: Reading file: ExcludeRegex.java
Jul. 26, 2023 6:25:50 PM projectsearcher.FileEntry applyCriteria
INFO: Reading file: IncludeRegex.java
Jul. 26, 2023 6:25:50 PM projectsearcher.FileEntry applyCriteria
INFO: Reading file: Entry.java
Jul. 26, 2023 6:25:50 PM projectsearcher.FileEntry applyCriteria
INFO: Reading file: Criteria.java
Jul. 26, 2023 6:25:50 PM projectsearcher.Directory display
INFO: Display option is Count
Jul. 26, 2023 6:25:50 PM projectsearcher.Interactive getIntegerInput
INFO: Aquiring user input
Jul. 26, 2023 6:25:55 PM projectsearcher.Interactive mainMenu
INFO: Exiting program
